<?xml version="1.0" encoding="UTF-8"?>
<testsuite xmlns:xsi="http://www.w3.org/2001/XMLSchema-instance" xsi:noNamespaceSchemaLocation="https://maven.apache.org/surefire/maven-surefire-plugin/xsd/surefire-test-report.xsd" name="com.example.EmailTest" time="0.002" tests="2" errors="0" skipped="0" failures="0">
  <properties>
    <property name="java.specification.version" value="17"/>
    <property name="sun.cpu.isalist" value="amd64"/>
    <property name="sun.jnu.encoding" value="Cp1252"/>
    <property name="java.class.path" value="e:\ProyectoContornos\target\test-classes;e:\ProyectoContornos\target\classes;C:\Users\DAM1_Alu09\.m2\repository\org\junit\jupiter\junit-jupiter-api\5.4.2\junit-jupiter-api-5.4.2.jar;C:\Users\DAM1_Alu09\.m2\repository\org\apiguardian\apiguardian-api\1.0.0\apiguardian-api-1.0.0.jar;C:\Users\DAM1_Alu09\.m2\repository\org\opentest4j\opentest4j\1.1.1\opentest4j-1.1.1.jar;C:\Users\DAM1_Alu09\.m2\repository\org\junit\platform\junit-platform-commons\1.4.2\junit-platform-commons-1.4.2.jar;C:\Users\DAM1_Alu09\.m2\repository\org\junit\jupiter\junit-jupiter-engine\5.4.2\junit-jupiter-engine-5.4.2.jar;C:\Users\DAM1_Alu09\.m2\repository\org\junit\platform\junit-platform-engine\1.4.2\junit-platform-engine-1.4.2.jar;C:\Users\DAM1_Alu09\.m2\repository\org\junit\jupiter\junit-jupiter-params\5.4.2\junit-jupiter-params-5.4.2.jar;C:\Users\DAM1_Alu09\.m2\repository\org\mongodb\mongo-java-driver\3.11.0\mongo-java-driver-3.11.0.jar;"/>
    <property name="java.vm.vendor" value="Oracle Corporation"/>
    <property name="sun.arch.data.model" value="64"/>
    <property name="user.variant" value=""/>
    <property name="java.vendor.url" value="https://java.oracle.com/"/>
    <property name="user.timezone" value="Europe/Madrid"/>
    <property name="os.name" value="Windows 11"/>
    <property name="java.vm.specification.version" value="17"/>
    <property name="sun.java.launcher" value="SUN_STANDARD"/>
    <property name="user.country" value="ES"/>
    <property name="sun.boot.library.path" value="E:\jdk\jdk-17.0.6_windows-x64_bin\jdk-17.0.6\bin"/>
    <property name="sun.java.command" value="C:\Users\DAM1_A~1\AppData\Local\Temp\surefire2708001679786039613\surefirebooter5425729620025668662.jar C:\Users\DAM1_Alu09\AppData\Local\Temp\surefire2708001679786039613 2023-05-04T18-00-10_340-jvmRun1 surefire13196757046322369565tmp surefire_01444981696522816156tmp"/>
    <property name="jdk.debug" value="release"/>
    <property name="surefire.test.class.path" value="e:\ProyectoContornos\target\test-classes;e:\ProyectoContornos\target\classes;C:\Users\DAM1_Alu09\.m2\repository\org\junit\jupiter\junit-jupiter-api\5.4.2\junit-jupiter-api-5.4.2.jar;C:\Users\DAM1_Alu09\.m2\repository\org\apiguardian\apiguardian-api\1.0.0\apiguardian-api-1.0.0.jar;C:\Users\DAM1_Alu09\.m2\repository\org\opentest4j\opentest4j\1.1.1\opentest4j-1.1.1.jar;C:\Users\DAM1_Alu09\.m2\repository\org\junit\platform\junit-platform-commons\1.4.2\junit-platform-commons-1.4.2.jar;C:\Users\DAM1_Alu09\.m2\repository\org\junit\jupiter\junit-jupiter-engine\5.4.2\junit-jupiter-engine-5.4.2.jar;C:\Users\DAM1_Alu09\.m2\repository\org\junit\platform\junit-platform-engine\1.4.2\junit-platform-engine-1.4.2.jar;C:\Users\DAM1_Alu09\.m2\repository\org\junit\jupiter\junit-jupiter-params\5.4.2\junit-jupiter-params-5.4.2.jar;C:\Users\DAM1_Alu09\.m2\repository\org\mongodb\mongo-java-driver\3.11.0\mongo-java-driver-3.11.0.jar;"/>
    <property name="sun.cpu.endian" value="little"/>
    <property name="user.home" value="C:\Users\DAM1_Alu09"/>
    <property name="user.language" value="es"/>
    <property name="java.specification.vendor" value="Oracle Corporation"/>
    <property name="java.version.date" value="2023-01-17"/>
    <property name="java.home" value="E:\jdk\jdk-17.0.6_windows-x64_bin\jdk-17.0.6"/>
    <property name="file.separator" value="\"/>
    <property name="basedir" value="e:\ProyectoContornos"/>
    <property name="java.vm.compressedOopsMode" value="Zero based"/>
    <property name="line.separator" value="&#10;"/>
    <property name="java.vm.specification.vendor" value="Oracle Corporation"/>
    <property name="java.specification.name" value="Java Platform API Specification"/>
    <property name="surefire.real.class.path" value="C:\Users\DAM1_A~1\AppData\Local\Temp\surefire2708001679786039613\surefirebooter5425729620025668662.jar"/>
    <property name="user.script" value=""/>
    <property name="sun.management.compiler" value="HotSpot 64-Bit Tiered Compilers"/>
    <property name="java.runtime.version" value="17.0.6+9-LTS-190"/>
    <property name="user.name" value="DAM1_Alu09"/>
    <property name="path.separator" value=";"/>
    <property name="os.version" value="10.0"/>
    <property name="java.runtime.name" value="Java(TM) SE Runtime Environment"/>
    <property name="file.encoding" value="Cp1252"/>
    <property name="java.vm.name" value="Java HotSpot(TM) 64-Bit Server VM"/>
    <property name="localRepository" value="C:\Users\DAM1_Alu09\.m2\repository"/>
    <property name="java.vendor.url.bug" value="https://bugreport.java.com/bugreport/"/>
    <property name="java.io.tmpdir" value="C:\Users\DAM1_A~1\AppData\Local\Temp\"/>
    <property name="java.version" value="17.0.6"/>
    <property name="user.dir" value="e:\ProyectoContornos"/>
    <property name="os.arch" value="amd64"/>
    <property name="java.vm.specification.name" value="Java Virtual Machine Specification"/>
    <property name="sun.os.patch.level" value=""/>
    <property name="native.encoding" value="Cp1252"/>
    <property name="java.library.path" value="E:\jdk\jdk-17.0.6_windows-x64_bin\jdk-17.0.6\bin;C:\WINDOWS\Sun\Java\bin;C:\WINDOWS\system32;C:\WINDOWS;C:\Program Files (x86)\Common Files\Oracle\Java\javapath;C:\WINDOWS\system32;C:\WINDOWS;C:\WINDOWS\System32\Wbem;C:\WINDOWS\System32\WindowsPowerShell\v1.0\;C:\WINDOWS\System32\OpenSSH\;C:\Program Files\PuTTY\;C:\Program Files\Microsoft VS Code\bin;C:\HashiCorp\Vagrant\bin;C:\Users\DAM1_Alu09\AppData\Local\Programs\Python\Launcher\;C:\Users\DAM1_Alu09\AppData\Local\Microsoft\WindowsApps;C:\Users\DAM1_Alu09\AppData\Local\GitHubDesktop\bin;C:\Users\DAM1_Alu09\AppData\Local\Programs\Git\cmd;C:\Users\DAM1_Alu09\AppData\Local\Programs\Microsoft VS Code\bin;."/>
    <property name="java.vm.info" value="mixed mode, sharing"/>
    <property name="java.vendor" value="Oracle Corporation"/>
    <property name="java.vm.version" value="17.0.6+9-LTS-190"/>
    <property name="sun.io.unicode.encoding" value="UnicodeLittle"/>
    <property name="java.class.version" value="61.0"/>
  </properties>
  <testcase name="testValidEmail" classname="com.example.EmailTest" time="0"/>
  <testcase name="testInvalidEmail" classname="com.example.EmailTest" time="0"/>
</testsuite>