<?xml version="1.0" encoding="UTF-8"?>
<testsuite xmlns:xsi="http://www.w3.org/2001/XMLSchema-instance" xsi:noNamespaceSchemaLocation="https://maven.apache.org/surefire/maven-surefire-plugin/xsd/surefire-test-report.xsd" name="com.example.EmailTest" time="0.001" tests="2" errors="0" skipped="0" failures="0">
  <properties>
    <property name="java.specification.version" value="17"/>
    <property name="sun.cpu.isalist" value="amd64"/>
    <property name="sun.jnu.encoding" value="Cp1252"/>
    <property name="java.class.path" value="c:\Users\USUARIO\Documents\GitHub\ProyectoContornos\target\test-classes;c:\Users\USUARIO\Documents\GitHub\ProyectoContornos\target\classes;C:\Users\USUARIO\.m2\repository\org\junit\jupiter\junit-jupiter-api\5.4.2\junit-jupiter-api-5.4.2.jar;C:\Users\USUARIO\.m2\repository\org\apiguardian\apiguardian-api\1.0.0\apiguardian-api-1.0.0.jar;C:\Users\USUARIO\.m2\repository\org\opentest4j\opentest4j\1.1.1\opentest4j-1.1.1.jar;C:\Users\USUARIO\.m2\repository\org\junit\platform\junit-platform-commons\1.4.2\junit-platform-commons-1.4.2.jar;C:\Users\USUARIO\.m2\repository\org\junit\jupiter\junit-jupiter-engine\5.4.2\junit-jupiter-engine-5.4.2.jar;C:\Users\USUARIO\.m2\repository\org\junit\platform\junit-platform-engine\1.4.2\junit-platform-engine-1.4.2.jar;C:\Users\USUARIO\.m2\repository\org\junit\jupiter\junit-jupiter-params\5.4.2\junit-jupiter-params-5.4.2.jar;C:\Users\USUARIO\.m2\repository\org\mongodb\mongo-java-driver\3.11.0\mongo-java-driver-3.11.0.jar;"/>
    <property name="java.vm.vendor" value="Oracle Corporation"/>
    <property name="sun.arch.data.model" value="64"/>
    <property name="user.variant" value=""/>
    <property name="java.vendor.url" value="https://java.oracle.com/"/>
    <property name="user.timezone" value="Europe/Madrid"/>
    <property name="os.name" value="Windows 10"/>
    <property name="java.vm.specification.version" value="17"/>
    <property name="sun.java.launcher" value="SUN_STANDARD"/>
    <property name="user.country" value="ES"/>
    <property name="sun.boot.library.path" value="C:\Program Files\Java\jdk-17.0.1\bin"/>
    <property name="sun.java.command" value="C:\Users\USUARIO\AppData\Local\Temp\surefire14496303837984858691\surefirebooter1735065870162544453.jar C:\Users\USUARIO\AppData\Local\Temp\surefire14496303837984858691 2023-04-26T15-54-31_927-jvmRun1 surefire17298096515968245440tmp surefire_016708619370401897055tmp"/>
    <property name="jdk.debug" value="release"/>
    <property name="surefire.test.class.path" value="c:\Users\USUARIO\Documents\GitHub\ProyectoContornos\target\test-classes;c:\Users\USUARIO\Documents\GitHub\ProyectoContornos\target\classes;C:\Users\USUARIO\.m2\repository\org\junit\jupiter\junit-jupiter-api\5.4.2\junit-jupiter-api-5.4.2.jar;C:\Users\USUARIO\.m2\repository\org\apiguardian\apiguardian-api\1.0.0\apiguardian-api-1.0.0.jar;C:\Users\USUARIO\.m2\repository\org\opentest4j\opentest4j\1.1.1\opentest4j-1.1.1.jar;C:\Users\USUARIO\.m2\repository\org\junit\platform\junit-platform-commons\1.4.2\junit-platform-commons-1.4.2.jar;C:\Users\USUARIO\.m2\repository\org\junit\jupiter\junit-jupiter-engine\5.4.2\junit-jupiter-engine-5.4.2.jar;C:\Users\USUARIO\.m2\repository\org\junit\platform\junit-platform-engine\1.4.2\junit-platform-engine-1.4.2.jar;C:\Users\USUARIO\.m2\repository\org\junit\jupiter\junit-jupiter-params\5.4.2\junit-jupiter-params-5.4.2.jar;C:\Users\USUARIO\.m2\repository\org\mongodb\mongo-java-driver\3.11.0\mongo-java-driver-3.11.0.jar;"/>
    <property name="sun.cpu.endian" value="little"/>
    <property name="user.home" value="C:\Users\USUARIO"/>
    <property name="user.language" value="es"/>
    <property name="java.specification.vendor" value="Oracle Corporation"/>
    <property name="java.version.date" value="2021-10-19"/>
    <property name="java.home" value="C:\Program Files\Java\jdk-17.0.1"/>
    <property name="file.separator" value="\"/>
    <property name="basedir" value="c:\Users\USUARIO\Documents\GitHub\ProyectoContornos"/>
    <property name="java.vm.compressedOopsMode" value="32-bit"/>
    <property name="line.separator" value="&#10;"/>
    <property name="java.vm.specification.vendor" value="Oracle Corporation"/>
    <property name="java.specification.name" value="Java Platform API Specification"/>
    <property name="surefire.real.class.path" value="C:\Users\USUARIO\AppData\Local\Temp\surefire14496303837984858691\surefirebooter1735065870162544453.jar"/>
    <property name="user.script" value=""/>
    <property name="sun.management.compiler" value="HotSpot 64-Bit Tiered Compilers"/>
    <property name="java.runtime.version" value="17.0.1+12-LTS-39"/>
    <property name="user.name" value="ALUMNO-09"/>
    <property name="path.separator" value=";"/>
    <property name="os.version" value="10.0"/>
    <property name="java.runtime.name" value="Java(TM) SE Runtime Environment"/>
    <property name="file.encoding" value="Cp1252"/>
    <property name="java.vm.name" value="Java HotSpot(TM) 64-Bit Server VM"/>
    <property name="localRepository" value="C:\Users\USUARIO\.m2\repository"/>
    <property name="java.vendor.url.bug" value="https://bugreport.java.com/bugreport/"/>
    <property name="java.io.tmpdir" value="C:\Users\USUARIO\AppData\Local\Temp\"/>
    <property name="java.version" value="17.0.1"/>
    <property name="user.dir" value="c:\Users\USUARIO\Documents\GitHub\ProyectoContornos"/>
    <property name="os.arch" value="amd64"/>
    <property name="java.vm.specification.name" value="Java Virtual Machine Specification"/>
    <property name="sun.os.patch.level" value=""/>
    <property name="native.encoding" value="Cp1252"/>
    <property name="java.library.path" value="C:\Program Files\Java\jdk-17.0.1\bin;C:\Windows\Sun\Java\bin;C:\Windows\system32;C:\Windows;C:\Program Files\Google\Chrome\Application;C:\Program Files\Common Files\Oracle\Java\javapath;C:\Program Files (x86)\Common Files\Oracle\Java\javapath;C:\Windows\system32;C:\Windows;C:\Windows\System32\Wbem;C:\Windows\System32\WindowsPowerShell\v1.0\;C:\Windows\System32\OpenSSH\;C:\Users\USUARIO\AppData\Local\Microsoft\WindowsApps;;."/>
    <property name="java.vm.info" value="mixed mode, sharing"/>
    <property name="java.vendor" value="Oracle Corporation"/>
    <property name="java.vm.version" value="17.0.1+12-LTS-39"/>
    <property name="sun.io.unicode.encoding" value="UnicodeLittle"/>
    <property name="java.class.version" value="61.0"/>
  </properties>
  <testcase name="testValidEmail" classname="com.example.EmailTest" time="0"/>
  <testcase name="testInvalidEmail" classname="com.example.EmailTest" time="0"/>
</testsuite>